<?xml version="1.0" encoding="UTF-8"?>
<!-- Generated by org.testng.reporters.JUnitReportReporter -->
<testsuite hostname="DESKTOP-GHE9HLM" failures="0" tests="3" name="com.testapplication.testbase.MainTest" time="141.094" errors="0" timestamp="2023-01-06T11:09:12 IST" skipped="0">
  <testcase classname="com.testapplication.testbase.MainTest" name="loginWithoutUser" time="47.429"/>
  <system-out/>
  <testcase classname="com.testapplication.testbase.MainTest" name="loginValid" time="54.110"/>
  <system-out/>
  <testcase classname="com.testapplication.testbase.MainTest" name="loginInValid" time="39.555"/>
  <system-out/>
</testsuite> <!-- com.testapplication.testbase.MainTest -->
