<?xml version="1.0" encoding="UTF-8"?>
<!-- Generated by org.testng.reporters.JUnitReportReporter -->
<testsuite hostname="DESKTOP-A38U5NS" failures="0" tests="5" name="com.testdrive.dataproviders.ParabankLogin" time="0.009" errors="0" timestamp="2023-01-30T11:00:08 IST" skipped="0">
  <testcase classname="com.testdrive.dataproviders.ParabankLogin" name="launchBrowser" time="0.007"/>
  <system-out/>
  <testcase classname="com.testdrive.dataproviders.ParabankLogin" name="validateLoginUsers" time="0.001"/>
  <system-out/>
  <testcase classname="com.testdrive.dataproviders.ParabankLogin" name="validateLoginUsers" time="0.000"/>
  <system-out/>
  <testcase classname="com.testdrive.dataproviders.ParabankLogin" name="validateLoginUsers" time="0.000"/>
  <system-out/>
  <testcase classname="com.testdrive.dataproviders.ParabankLogin" name="validateLoginUsers" time="0.001"/>
  <system-out/>
</testsuite> <!-- com.testdrive.dataproviders.ParabankLogin -->
